[18:41:46] [main/INFO]: Setting user: ivianrr
[18:41:48] [Client thread/INFO]: LWJGL Version: 2.9.1
[18:41:57] [Client thread/INFO]: Reloading ResourceManager: Default, FMLFileResourcePack:Forge Mod Loader, FMLFileResourcePack:Minecraft Forge, FMLFileResourcePack:Mod de Ivan
[18:41:59] [Sound Library Loader/INFO]: Sound engine started
[18:42:13] [Client thread/INFO]: Created: 512x256 textures/blocks-atlas
[18:42:14] [Client thread/INFO]: Created: 256x256 textures/items-atlas
[18:42:14] [Client thread/INFO]: Reloading ResourceManager: Default, FMLFileResourcePack:Forge Mod Loader, FMLFileResourcePack:Minecraft Forge, FMLFileResourcePack:Mod de Ivan
[18:42:14] [Client thread/INFO]: Created: 512x256 textures/blocks-atlas
[18:42:15] [Client thread/INFO]: Created: 256x256 textures/items-atlas
[18:42:16] [Sound Library Loader/INFO]: Sound engine started
[18:42:26] [Server thread/INFO]: Starting integrated minecraft server version 1.7.10
[18:42:26] [Server thread/INFO]: Generating keypair
[18:42:26] [Server thread/INFO]: Preparing start region for level 0
[18:42:27] [Server thread/INFO]: Changing view distance to 12, from 10
[18:42:28] [Server thread/INFO]: ivianrr[local:E:3d91c614] logged in with entity id 6 at (-332.69999998807907, 56.0, -673.3319398417846)
[18:42:28] [Server thread/INFO]: ivianrr se ha unido a la partida
[18:44:58] [Client thread/INFO]: Stopping!
[18:44:58] [Server thread/INFO]: Stopping server
[18:44:58] [Server thread/INFO]: Saving players
[18:44:58] [Server thread/INFO]: Saving worlds
[18:44:58] [Server thread/INFO]: Saving chunks for level 'New World'/Overworld
[18:44:58] [Server thread/INFO]: Saving chunks for level 'New World'/Nether
[18:44:58] [Server thread/INFO]: Saving chunks for level 'New World'/The End
